TN:
SF:index.js
FN:15,(anonymous_0)
FN:22,(anonymous_1)
FNF:2
FNH:2
FNDA:1,(anonymous_0)
FNDA:1,(anonymous_1)
DA:9,1
DA:11,1
DA:12,1
DA:13,1
DA:15,1
DA:16,1
DA:17,1
DA:18,1
DA:19,1
DA:20,1
DA:21,1
DA:22,1
DA:23,1
DA:30,1
LF:14
LH:14
BRDA:12,0,0,1
BRDA:12,0,1,0
BRF:2
BRH:1
end_of_record
TN:
SF:api\customerAPI.js
FNF:0
FNH:0
DA:2,1
DA:8,1
DA:10,1
DA:17,1
DA:24,1
DA:26,1
DA:28,1
DA:30,1
LF:8
LH:8
BRF:0
BRH:0
end_of_record
TN:
SF:api\productAPI.js
FNF:0
FNH:0
DA:6,1
DA:14,1
DA:15,1
DA:16,1
DA:17,1
LF:5
LH:5
BRF:0
BRH:0
end_of_record
TN:
SF:config\Database.js
FN:17,(anonymous_0)
FN:18,(anonymous_1)
FNF:2
FNH:1
FNDA:3,(anonymous_0)
FNDA:0,(anonymous_1)
DA:3,3
DA:5,3
DA:16,3
DA:17,3
DA:18,0
LF:5
LH:4
BRF:0
BRH:0
end_of_record
TN:
SF:controllers\customerController.js
FN:41,(anonymous_0)
FN:56,(anonymous_1)
FN:62,(anonymous_2)
FN:97,(anonymous_3)
FN:124,(anonymous_4)
FN:147,(anonymous_5)
FN:166,(anonymous_6)
FN:167,(anonymous_7)
FN:171,(anonymous_8)
FNF:9
FNH:2
FNDA:2,(anonymous_0)
FNDA:0,(anonymous_1)
FNDA:0,(anonymous_2)
FNDA:3,(anonymous_3)
FNDA:0,(anonymous_4)
FNDA:0,(anonymous_5)
FNDA:0,(anonymous_6)
FNDA:0,(anonymous_7)
FNDA:0,(anonymous_8)
DA:8,3
DA:10,3
DA:12,3
DA:41,3
DA:43,2
DA:44,2
DA:45,2
DA:47,2
DA:48,2
DA:49,2
DA:51,2
DA:52,0
DA:54,0
DA:55,0
DA:57,0
DA:58,0
DA:59,0
DA:60,0
DA:62,0
DA:66,0
DA:97,3
DA:99,3
DA:100,3
DA:101,3
DA:103,3
DA:105,3
DA:106,3
DA:108,3
DA:110,3
DA:112,3
DA:114,3
DA:115,3
DA:116,3
DA:117,3
DA:120,0
DA:124,3
DA:125,0
DA:127,0
DA:128,0
DA:130,0
DA:131,0
DA:135,0
DA:136,0
DA:139,0
DA:140,0
DA:141,0
DA:143,0
DA:147,3
DA:148,0
DA:149,0
DA:150,0
DA:154,0
DA:155,0
DA:160,0
DA:162,0
DA:166,3
DA:167,0
DA:168,0
DA:171,3
DA:172,0
LF:60
LH:29
BRDA:43,0,0,0
BRDA:43,0,1,2
BRDA:45,1,0,0
BRDA:45,1,1,2
BRDA:51,2,0,2
BRDA:51,2,1,0
BRDA:99,3,0,0
BRDA:99,3,1,3
BRDA:101,4,0,0
BRDA:101,4,1,3
BRDA:108,5,0,0
BRDA:108,5,1,3
BRDA:112,6,0,0
BRDA:112,6,1,3
BRDA:127,7,0,0
BRDA:127,7,1,0
BRDA:128,8,0,0
BRDA:128,8,1,0
BRDA:130,9,0,0
BRDA:130,9,1,0
BRDA:130,10,0,0
BRDA:130,10,1,0
BRDA:149,11,0,0
BRDA:149,11,1,0
BRF:24
BRH:7
end_of_record
TN:
SF:controllers\productController.js
FN:11,(anonymous_0)
FN:23,(anonymous_1)
FN:24,(anonymous_2)
FN:31,(anonymous_3)
FN:38,(anonymous_4)
FN:40,(anonymous_5)
FN:49,(anonymous_6)
FN:60,(anonymous_7)
FN:62,(anonymous_8)
FN:71,(anonymous_9)
FN:84,(anonymous_10)
FN:86,(anonymous_11)
FN:95,(anonymous_12)
FN:109,(anonymous_13)
FNF:14
FNH:0
FNDA:0,(anonymous_0)
FNDA:0,(anonymous_1)
FNDA:0,(anonymous_2)
FNDA:0,(anonymous_3)
FNDA:0,(anonymous_4)
FNDA:0,(anonymous_5)
FNDA:0,(anonymous_6)
FNDA:0,(anonymous_7)
FNDA:0,(anonymous_8)
FNDA:0,(anonymous_9)
FNDA:0,(anonymous_10)
FNDA:0,(anonymous_11)
FNDA:0,(anonymous_12)
FNDA:0,(anonymous_13)
DA:8,1
DA:9,1
DA:11,1
DA:12,0
DA:13,0
DA:15,0
DA:16,0
DA:17,0
DA:18,0
DA:19,0
DA:20,0
DA:21,0
DA:22,0
DA:23,0
DA:24,0
DA:27,0
DA:31,1
DA:32,0
DA:33,0
DA:34,0
DA:39,0
DA:41,0
DA:45,0
DA:49,1
DA:50,0
DA:51,0
DA:52,0
DA:53,0
DA:61,0
DA:63,0
DA:67,0
DA:71,1
DA:72,0
DA:73,0
DA:74,0
DA:75,0
DA:76,0
DA:78,0
DA:85,0
DA:87,0
DA:91,0
DA:95,1
DA:96,0
DA:97,0
DA:99,0
DA:101,0
DA:103,0
DA:109,0
DA:112,0
LF:49
LH:7
BRDA:12,0,0,0
BRDA:12,0,1,0
BRDA:15,1,0,0
BRDA:15,1,1,0
BRDA:19,2,0,0
BRDA:19,2,1,0
BRDA:32,3,0,0
BRDA:32,3,1,0
BRDA:50,4,0,0
BRDA:50,4,1,0
BRDA:72,5,0,0
BRDA:72,5,1,0
BRDA:101,6,0,0
BRDA:101,6,1,0
BRF:14
BRH:0
end_of_record
TN:
SF:middleware\auth\auth.js
FN:4,(anonymous_0)
FN:10,(anonymous_1)
FNF:2
FNH:0
FNDA:0,(anonymous_0)
FNDA:0,(anonymous_1)
DA:3,1
DA:4,1
DA:5,0
DA:6,0
DA:7,0
DA:8,0
DA:10,0
DA:11,0
DA:12,0
DA:13,0
DA:14,0
DA:17,0
LF:12
LH:2
BRDA:7,0,0,0
BRDA:7,0,1,0
BRDA:8,1,0,0
BRDA:8,1,1,0
BRDA:12,2,0,0
BRDA:12,2,1,0
BRF:6
BRH:0
end_of_record
TN:
SF:models\User.js
FNF:0
FNH:0
DA:3,3
LF:1
LH:1
BRF:0
BRH:0
end_of_record
TN:
SF:utils\swaggerOptions.js
FNF:0
FNH:0
DA:3,1
LF:1
LH:1
BRF:0
BRH:0
end_of_record
