{"C:\\Users\\Shazibkhattal\\POC PROJECTS\\NODE_JS\\NodeMicroservices\\Customer\\index.js": {"path":"C:\\Users\\Shazibkhattal\\POC PROJECTS\\NODE_JS\\NodeMicroservices\\Customer\\index.js","statementMap":{"0":{"start":{"line":9,"column":0},"end":{"line":9,"column":8}},"1":{"start":{"line":11,"column":10},"end":{"line":11,"column":19}},"2":{"start":{"line":12,"column":13},"end":{"line":12,"column":37}},"3":{"start":{"line":13,"column":20},"end":{"line":13,"column":48}},"4":{"start":{"line":15,"column":18},"end":{"line":29,"column":1}},"5":{"start":{"line":16,"column":4},"end":{"line":16,"column":19}},"6":{"start":{"line":17,"column":4},"end":{"line":17,"column":19}},"7":{"start":{"line":18,"column":4},"end":{"line":18,"column":28}},"8":{"start":{"line":19,"column":4},"end":{"line":19,"column":82}},"9":{"start":{"line":20,"column":4},"end":{"line":20,"column":41}},"10":{"start":{"line":21,"column":4},"end":{"line":21,"column":39}},"11":{"start":{"line":22,"column":4},"end":{"line":24,"column":6}},"12":{"start":{"line":23,"column":8},"end":{"line":23,"column":60}},"13":{"start":{"line":30,"column":0},"end":{"line":30,"column":13}}},"fnMap":{"0":{"name":"(anonymous_0)","decl":{"start":{"line":15,"column":18},"end":{"line":15,"column":19}},"loc":{"start":{"line":15,"column":27},"end":{"line":29,"column":1}},"line":15},"1":{"name":"(anonymous_1)","decl":{"start":{"line":22,"column":20},"end":{"line":22,"column":21}},"loc":{"start":{"line":22,"column":36},"end":{"line":24,"column":5}},"line":22}},"branchMap":{"0":{"loc":{"start":{"line":12,"column":13},"end":{"line":12,"column":37}},"type":"binary-expr","locations":[{"start":{"line":12,"column":13},"end":{"line":12,"column":29}},{"start":{"line":12,"column":33},"end":{"line":12,"column":37}}],"line":12}},"s":{"0":1,"1":1,"2":1,"3":1,"4":1,"5":1,"6":1,"7":1,"8":1,"9":1,"10":1,"11":1,"12":1,"13":1},"f":{"0":1,"1":1},"b":{"0":[1,0]},"_coverageSchema":"1a1c01bbd47fc00a2c39e90264f33305004495a9","hash":"cdc54d1d856207d504e0ef3823d88dd1036f38d1"}
,"C:\\Users\\Shazibkhattal\\POC PROJECTS\\NODE_JS\\NodeMicroservices\\Customer\\api\\customerAPI.js": {"path":"C:\\Users\\Shazibkhattal\\POC PROJECTS\\NODE_JS\\NodeMicroservices\\Customer\\api\\customerAPI.js","statementMap":{"0":{"start":{"line":2,"column":15},"end":{"line":2,"column":31}},"1":{"start":{"line":8,"column":29},"end":{"line":8,"column":70}},"2":{"start":{"line":10,"column":4},"end":{"line":15,"column":12}},"3":{"start":{"line":17,"column":4},"end":{"line":22,"column":12}},"4":{"start":{"line":24,"column":4},"end":{"line":24,"column":36}},"5":{"start":{"line":26,"column":4},"end":{"line":26,"column":32}},"6":{"start":{"line":28,"column":4},"end":{"line":28,"column":35}},"7":{"start":{"line":30,"column":4},"end":{"line":30,"column":46}}},"fnMap":{},"branchMap":{},"s":{"0":1,"1":1,"2":1,"3":1,"4":1,"5":1,"6":1,"7":1},"f":{},"b":{},"_coverageSchema":"1a1c01bbd47fc00a2c39e90264f33305004495a9","hash":"2ca403c8eae72ee7043cdc3f18440e79b4d89dba"}
,"C:\\Users\\Shazibkhattal\\POC PROJECTS\\NODE_JS\\NodeMicroservices\\Customer\\api\\productAPI.js": {"path":"C:\\Users\\Shazibkhattal\\POC PROJECTS\\NODE_JS\\NodeMicroservices\\Customer\\api\\productAPI.js","statementMap":{"0":{"start":{"line":6,"column":15},"end":{"line":6,"column":31}},"1":{"start":{"line":14,"column":0},"end":{"line":14,"column":39}},"2":{"start":{"line":15,"column":0},"end":{"line":15,"column":42}},"3":{"start":{"line":16,"column":0},"end":{"line":16,"column":48}},"4":{"start":{"line":17,"column":0},"end":{"line":17,"column":48}}},"fnMap":{},"branchMap":{},"s":{"0":1,"1":1,"2":1,"3":1,"4":1},"f":{},"b":{},"_coverageSchema":"1a1c01bbd47fc00a2c39e90264f33305004495a9","hash":"9b784304d6fce873964b00ae20c2e1eec878c5ca"}
,"C:\\Users\\Shazibkhattal\\POC PROJECTS\\NODE_JS\\NodeMicroservices\\Customer\\config\\Database.js": {"path":"C:\\Users\\Shazibkhattal\\POC PROJECTS\\NODE_JS\\NodeMicroservices\\Customer\\config\\Database.js","statementMap":{"0":{"start":{"line":3,"column":0},"end":{"line":3,"column":15}},"1":{"start":{"line":5,"column":17},"end":{"line":14,"column":4}},"2":{"start":{"line":16,"column":2},"end":{"line":18,"column":45}},"3":{"start":{"line":17,"column":14},"end":{"line":17,"column":50}},"4":{"start":{"line":18,"column":16},"end":{"line":18,"column":44}}},"fnMap":{"0":{"name":"(anonymous_0)","decl":{"start":{"line":17,"column":8},"end":{"line":17,"column":9}},"loc":{"start":{"line":17,"column":14},"end":{"line":17,"column":50}},"line":17},"1":{"name":"(anonymous_1)","decl":{"start":{"line":18,"column":9},"end":{"line":18,"column":10}},"loc":{"start":{"line":18,"column":16},"end":{"line":18,"column":44}},"line":18}},"branchMap":{},"s":{"0":3,"1":3,"2":3,"3":3,"4":0},"f":{"0":3,"1":0},"b":{},"_coverageSchema":"1a1c01bbd47fc00a2c39e90264f33305004495a9","hash":"9ca78c38860160f1ad855e38d0fde69ef0e1106a"}
,"C:\\Users\\Shazibkhattal\\POC PROJECTS\\NODE_JS\\NodeMicroservices\\Customer\\controllers\\customerController.js": {"path":"C:\\Users\\Shazibkhattal\\POC PROJECTS\\NODE_JS\\NodeMicroservices\\Customer\\controllers\\customerController.js","statementMap":{"0":{"start":{"line":8,"column":15},"end":{"line":8,"column":37}},"1":{"start":{"line":10,"column":0},"end":{"line":10,"column":8}},"2":{"start":{"line":12,"column":20},"end":{"line":12,"column":22}},"3":{"start":{"line":41,"column":22},"end":{"line":68,"column":1}},"4":{"start":{"line":43,"column":2},"end":{"line":43,"column":88}},"5":{"start":{"line":43,"column":24},"end":{"line":43,"column":88}},"6":{"start":{"line":44,"column":17},"end":{"line":44,"column":38}},"7":{"start":{"line":45,"column":2},"end":{"line":45,"column":69}},"8":{"start":{"line":45,"column":25},"end":{"line":45,"column":69}},"9":{"start":{"line":47,"column":2},"end":{"line":67,"column":3}},"10":{"start":{"line":48,"column":32},"end":{"line":48,"column":40}},"11":{"start":{"line":49,"column":25},"end":{"line":49,"column":73}},"12":{"start":{"line":51,"column":4},"end":{"line":51,"column":86}},"13":{"start":{"line":51,"column":22},"end":{"line":51,"column":86}},"14":{"start":{"line":52,"column":27},"end":{"line":52,"column":58}},"15":{"start":{"line":54,"column":19},"end":{"line":54,"column":73}},"16":{"start":{"line":55,"column":4},"end":{"line":62,"column":39}},"17":{"start":{"line":57,"column":8},"end":{"line":57,"column":25}},"18":{"start":{"line":58,"column":22},"end":{"line":58,"column":96}},"19":{"start":{"line":59,"column":8},"end":{"line":59,"column":40}},"20":{"start":{"line":60,"column":8},"end":{"line":60,"column":35}},"21":{"start":{"line":62,"column":20},"end":{"line":62,"column":38}},"22":{"start":{"line":66,"column":4},"end":{"line":66,"column":53}},"23":{"start":{"line":97,"column":22},"end":{"line":122,"column":1}},"24":{"start":{"line":99,"column":2},"end":{"line":99,"column":88}},"25":{"start":{"line":99,"column":24},"end":{"line":99,"column":88}},"26":{"start":{"line":100,"column":17},"end":{"line":100,"column":38}},"27":{"start":{"line":101,"column":2},"end":{"line":101,"column":69}},"28":{"start":{"line":101,"column":25},"end":{"line":101,"column":69}},"29":{"start":{"line":103,"column":30},"end":{"line":103,"column":38}},"30":{"start":{"line":105,"column":2},"end":{"line":121,"column":3}},"31":{"start":{"line":106,"column":25},"end":{"line":106,"column":73}},"32":{"start":{"line":108,"column":4},"end":{"line":108,"column":87}},"33":{"start":{"line":108,"column":23},"end":{"line":108,"column":87}},"34":{"start":{"line":110,"column":30},"end":{"line":110,"column":83}},"35":{"start":{"line":112,"column":4},"end":{"line":112,"column":92}},"36":{"start":{"line":112,"column":28},"end":{"line":112,"column":92}},"37":{"start":{"line":114,"column":24},"end":{"line":114,"column":130}},"38":{"start":{"line":115,"column":25},"end":{"line":115,"column":139}},"39":{"start":{"line":116,"column":4},"end":{"line":116,"column":36}},"40":{"start":{"line":117,"column":4},"end":{"line":117,"column":56}},"41":{"start":{"line":120,"column":4},"end":{"line":120,"column":62}},"42":{"start":{"line":124,"column":21},"end":{"line":145,"column":1}},"43":{"start":{"line":125,"column":23},"end":{"line":125,"column":37}},"44":{"start":{"line":127,"column":2},"end":{"line":127,"column":54}},"45":{"start":{"line":127,"column":28},"end":{"line":127,"column":54}},"46":{"start":{"line":128,"column":2},"end":{"line":128,"column":71}},"47":{"start":{"line":128,"column":45},"end":{"line":128,"column":71}},"48":{"start":{"line":130,"column":2},"end":{"line":144,"column":3}},"49":{"start":{"line":131,"column":17},"end":{"line":134,"column":5}},"50":{"start":{"line":135,"column":18},"end":{"line":135,"column":78}},"51":{"start":{"line":136,"column":21},"end":{"line":138,"column":5}},"52":{"start":{"line":139,"column":4},"end":{"line":139,"column":50}},"53":{"start":{"line":140,"column":4},"end":{"line":140,"column":26}},"54":{"start":{"line":141,"column":4},"end":{"line":141,"column":35}},"55":{"start":{"line":143,"column":4},"end":{"line":143,"column":43}},"56":{"start":{"line":147,"column":28},"end":{"line":164,"column":1}},"57":{"start":{"line":148,"column":19},"end":{"line":148,"column":27}},"58":{"start":{"line":149,"column":2},"end":{"line":163,"column":3}},"59":{"start":{"line":150,"column":17},"end":{"line":153,"column":5}},"60":{"start":{"line":154,"column":18},"end":{"line":154,"column":78}},"61":{"start":{"line":155,"column":21},"end":{"line":157,"column":5}},"62":{"start":{"line":160,"column":4},"end":{"line":160,"column":35}},"63":{"start":{"line":162,"column":4},"end":{"line":162,"column":43}},"64":{"start":{"line":166,"column":22},"end":{"line":169,"column":1}},"65":{"start":{"line":167,"column":2},"end":{"line":167,"column":73}},"66":{"start":{"line":167,"column":48},"end":{"line":167,"column":72}},"67":{"start":{"line":168,"column":2},"end":{"line":168,"column":21}},"68":{"start":{"line":171,"column":20},"end":{"line":173,"column":1}},"69":{"start":{"line":172,"column":2},"end":{"line":172,"column":25}}},"fnMap":{"0":{"name":"(anonymous_0)","decl":{"start":{"line":41,"column":22},"end":{"line":41,"column":23}},"loc":{"start":{"line":41,"column":42},"end":{"line":68,"column":1}},"line":41},"1":{"name":"(anonymous_1)","decl":{"start":{"line":56,"column":12},"end":{"line":56,"column":13}},"loc":{"start":{"line":56,"column":22},"end":{"line":61,"column":7}},"line":56},"2":{"name":"(anonymous_2)","decl":{"start":{"line":62,"column":13},"end":{"line":62,"column":14}},"loc":{"start":{"line":62,"column":20},"end":{"line":62,"column":38}},"line":62},"3":{"name":"(anonymous_3)","decl":{"start":{"line":97,"column":22},"end":{"line":97,"column":23}},"loc":{"start":{"line":97,"column":42},"end":{"line":122,"column":1}},"line":97},"4":{"name":"(anonymous_4)","decl":{"start":{"line":124,"column":21},"end":{"line":124,"column":22}},"loc":{"start":{"line":124,"column":41},"end":{"line":145,"column":1}},"line":124},"5":{"name":"(anonymous_5)","decl":{"start":{"line":147,"column":28},"end":{"line":147,"column":29}},"loc":{"start":{"line":147,"column":48},"end":{"line":164,"column":1}},"line":147},"6":{"name":"(anonymous_6)","decl":{"start":{"line":166,"column":22},"end":{"line":166,"column":23}},"loc":{"start":{"line":166,"column":36},"end":{"line":169,"column":1}},"line":166},"7":{"name":"(anonymous_7)","decl":{"start":{"line":167,"column":39},"end":{"line":167,"column":40}},"loc":{"start":{"line":167,"column":48},"end":{"line":167,"column":72}},"line":167},"8":{"name":"(anonymous_8)","decl":{"start":{"line":171,"column":20},"end":{"line":171,"column":21}},"loc":{"start":{"line":171,"column":39},"end":{"line":173,"column":1}},"line":171}},"branchMap":{"0":{"loc":{"start":{"line":43,"column":2},"end":{"line":43,"column":88}},"type":"if","locations":[{"start":{"line":43,"column":2},"end":{"line":43,"column":88}},{"start":{},"end":{}}],"line":43},"1":{"loc":{"start":{"line":45,"column":2},"end":{"line":45,"column":69}},"type":"if","locations":[{"start":{"line":45,"column":2},"end":{"line":45,"column":69}},{"start":{},"end":{}}],"line":45},"2":{"loc":{"start":{"line":51,"column":4},"end":{"line":51,"column":86}},"type":"if","locations":[{"start":{"line":51,"column":4},"end":{"line":51,"column":86}},{"start":{},"end":{}}],"line":51},"3":{"loc":{"start":{"line":99,"column":2},"end":{"line":99,"column":88}},"type":"if","locations":[{"start":{"line":99,"column":2},"end":{"line":99,"column":88}},{"start":{},"end":{}}],"line":99},"4":{"loc":{"start":{"line":101,"column":2},"end":{"line":101,"column":69}},"type":"if","locations":[{"start":{"line":101,"column":2},"end":{"line":101,"column":69}},{"start":{},"end":{}}],"line":101},"5":{"loc":{"start":{"line":108,"column":4},"end":{"line":108,"column":87}},"type":"if","locations":[{"start":{"line":108,"column":4},"end":{"line":108,"column":87}},{"start":{},"end":{}}],"line":108},"6":{"loc":{"start":{"line":112,"column":4},"end":{"line":112,"column":92}},"type":"if","locations":[{"start":{"line":112,"column":4},"end":{"line":112,"column":92}},{"start":{},"end":{}}],"line":112},"7":{"loc":{"start":{"line":127,"column":2},"end":{"line":127,"column":54}},"type":"if","locations":[{"start":{"line":127,"column":2},"end":{"line":127,"column":54}},{"start":{},"end":{}}],"line":127},"8":{"loc":{"start":{"line":128,"column":2},"end":{"line":128,"column":71}},"type":"if","locations":[{"start":{"line":128,"column":2},"end":{"line":128,"column":71}},{"start":{},"end":{}}],"line":128},"9":{"loc":{"start":{"line":130,"column":2},"end":{"line":144,"column":3}},"type":"if","locations":[{"start":{"line":130,"column":2},"end":{"line":144,"column":3}},{"start":{"line":142,"column":9},"end":{"line":144,"column":3}}],"line":130},"10":{"loc":{"start":{"line":130,"column":6},"end":{"line":130,"column":69}},"type":"binary-expr","locations":[{"start":{"line":130,"column":7},"end":{"line":130,"column":28}},{"start":{"line":130,"column":34},"end":{"line":130,"column":68}}],"line":130},"11":{"loc":{"start":{"line":149,"column":2},"end":{"line":163,"column":3}},"type":"if","locations":[{"start":{"line":149,"column":2},"end":{"line":163,"column":3}},{"start":{"line":161,"column":9},"end":{"line":163,"column":3}}],"line":149}},"s":{"0":3,"1":3,"2":3,"3":3,"4":2,"5":0,"6":2,"7":2,"8":0,"9":2,"10":2,"11":2,"12":2,"13":2,"14":0,"15":0,"16":0,"17":0,"18":0,"19":0,"20":0,"21":0,"22":0,"23":3,"24":3,"25":0,"26":3,"27":3,"28":0,"29":3,"30":3,"31":3,"32":3,"33":0,"34":3,"35":3,"36":0,"37":3,"38":3,"39":3,"40":3,"41":0,"42":3,"43":0,"44":0,"45":0,"46":0,"47":0,"48":0,"49":0,"50":0,"51":0,"52":0,"53":0,"54":0,"55":0,"56":3,"57":0,"58":0,"59":0,"60":0,"61":0,"62":0,"63":0,"64":3,"65":0,"66":0,"67":0,"68":3,"69":0},"f":{"0":2,"1":0,"2":0,"3":3,"4":0,"5":0,"6":0,"7":0,"8":0},"b":{"0":[0,2],"1":[0,2],"2":[2,0],"3":[0,3],"4":[0,3],"5":[0,3],"6":[0,3],"7":[0,0],"8":[0,0],"9":[0,0],"10":[0,0],"11":[0,0]},"_coverageSchema":"1a1c01bbd47fc00a2c39e90264f33305004495a9","hash":"f7b465758272847ca525afef82efd5890a22dfa3"}
,"C:\\Users\\Shazibkhattal\\POC PROJECTS\\NODE_JS\\NodeMicroservices\\Customer\\controllers\\productController.js": {"path":"C:\\Users\\Shazibkhattal\\POC PROJECTS\\NODE_JS\\NodeMicroservices\\Customer\\controllers\\productController.js","statementMap":{"0":{"start":{"line":8,"column":15},"end":{"line":8,"column":37}},"1":{"start":{"line":9,"column":0},"end":{"line":9,"column":8}},"2":{"start":{"line":11,"column":27},"end":{"line":29,"column":1}},"3":{"start":{"line":12,"column":2},"end":{"line":12,"column":88}},"4":{"start":{"line":12,"column":24},"end":{"line":12,"column":88}},"5":{"start":{"line":13,"column":17},"end":{"line":13,"column":38}},"6":{"start":{"line":15,"column":2},"end":{"line":15,"column":69}},"7":{"start":{"line":15,"column":25},"end":{"line":15,"column":69}},"8":{"start":{"line":16,"column":2},"end":{"line":28,"column":3}},"9":{"start":{"line":17,"column":62},"end":{"line":17,"column":70}},"10":{"start":{"line":18,"column":28},"end":{"line":18,"column":90}},"11":{"start":{"line":19,"column":4},"end":{"line":19,"column":92}},"12":{"start":{"line":19,"column":25},"end":{"line":19,"column":92}},"13":{"start":{"line":20,"column":4},"end":{"line":20,"column":75}},"14":{"start":{"line":21,"column":19},"end":{"line":21,"column":90}},"15":{"start":{"line":22,"column":4},"end":{"line":24,"column":39}},"16":{"start":{"line":23,"column":20},"end":{"line":23,"column":46}},"17":{"start":{"line":24,"column":20},"end":{"line":24,"column":38}},"18":{"start":{"line":27,"column":4},"end":{"line":27,"column":53}},"19":{"start":{"line":31,"column":27},"end":{"line":47,"column":1}},"20":{"start":{"line":32,"column":2},"end":{"line":32,"column":88}},"21":{"start":{"line":32,"column":24},"end":{"line":32,"column":88}},"22":{"start":{"line":33,"column":2},"end":{"line":46,"column":1}},"23":{"start":{"line":34,"column":20},"end":{"line":42,"column":6}},"24":{"start":{"line":39,"column":8},"end":{"line":39,"column":35}},"25":{"start":{"line":41,"column":8},"end":{"line":41,"column":57}},"26":{"start":{"line":45,"column":4},"end":{"line":45,"column":33}},"27":{"start":{"line":49,"column":26},"end":{"line":69,"column":1}},"28":{"start":{"line":50,"column":2},"end":{"line":50,"column":88}},"29":{"start":{"line":50,"column":24},"end":{"line":50,"column":88}},"30":{"start":{"line":51,"column":2},"end":{"line":68,"column":3}},"31":{"start":{"line":52,"column":19},"end":{"line":52,"column":29}},"32":{"start":{"line":53,"column":4},"end":{"line":64,"column":7}},"33":{"start":{"line":61,"column":6},"end":{"line":61,"column":33}},"34":{"start":{"line":63,"column":6},"end":{"line":63,"column":55}},"35":{"start":{"line":67,"column":4},"end":{"line":67,"column":33}},"36":{"start":{"line":71,"column":29},"end":{"line":93,"column":1}},"37":{"start":{"line":72,"column":2},"end":{"line":72,"column":88}},"38":{"start":{"line":72,"column":24},"end":{"line":72,"column":88}},"39":{"start":{"line":73,"column":17},"end":{"line":73,"column":27}},"40":{"start":{"line":74,"column":27},"end":{"line":74,"column":35}},"41":{"start":{"line":75,"column":2},"end":{"line":75,"column":44}},"42":{"start":{"line":76,"column":2},"end":{"line":92,"column":3}},"43":{"start":{"line":78,"column":4},"end":{"line":88,"column":7}},"44":{"start":{"line":85,"column":6},"end":{"line":85,"column":40}},"45":{"start":{"line":87,"column":6},"end":{"line":87,"column":55}},"46":{"start":{"line":91,"column":4},"end":{"line":91,"column":33}},"47":{"start":{"line":95,"column":29},"end":{"line":114,"column":1}},"48":{"start":{"line":96,"column":2},"end":{"line":113,"column":3}},"49":{"start":{"line":97,"column":19},"end":{"line":97,"column":29}},"50":{"start":{"line":99,"column":28},"end":{"line":99,"column":73}},"51":{"start":{"line":101,"column":4},"end":{"line":101,"column":93}},"52":{"start":{"line":101,"column":25},"end":{"line":101,"column":93}},"53":{"start":{"line":103,"column":4},"end":{"line":109,"column":39}},"54":{"start":{"line":109,"column":20},"end":{"line":109,"column":38}},"55":{"start":{"line":112,"column":4},"end":{"line":112,"column":33}}},"fnMap":{"0":{"name":"(anonymous_0)","decl":{"start":{"line":11,"column":27},"end":{"line":11,"column":28}},"loc":{"start":{"line":11,"column":47},"end":{"line":29,"column":1}},"line":11},"1":{"name":"(anonymous_1)","decl":{"start":{"line":23,"column":12},"end":{"line":23,"column":13}},"loc":{"start":{"line":23,"column":20},"end":{"line":23,"column":46}},"line":23},"2":{"name":"(anonymous_2)","decl":{"start":{"line":24,"column":13},"end":{"line":24,"column":14}},"loc":{"start":{"line":24,"column":20},"end":{"line":24,"column":38}},"line":24},"3":{"name":"(anonymous_3)","decl":{"start":{"line":31,"column":27},"end":{"line":31,"column":28}},"loc":{"start":{"line":31,"column":47},"end":{"line":47,"column":1}},"line":31},"4":{"name":"(anonymous_4)","decl":{"start":{"line":38,"column":12},"end":{"line":38,"column":13}},"loc":{"start":{"line":38,"column":22},"end":{"line":40,"column":5}},"line":38},"5":{"name":"(anonymous_5)","decl":{"start":{"line":40,"column":13},"end":{"line":40,"column":14}},"loc":{"start":{"line":40,"column":24},"end":{"line":42,"column":5}},"line":40},"6":{"name":"(anonymous_6)","decl":{"start":{"line":49,"column":26},"end":{"line":49,"column":27}},"loc":{"start":{"line":49,"column":46},"end":{"line":69,"column":1}},"line":49},"7":{"name":"(anonymous_7)","decl":{"start":{"line":60,"column":12},"end":{"line":60,"column":13}},"loc":{"start":{"line":60,"column":22},"end":{"line":62,"column":5}},"line":60},"8":{"name":"(anonymous_8)","decl":{"start":{"line":62,"column":13},"end":{"line":62,"column":14}},"loc":{"start":{"line":62,"column":24},"end":{"line":64,"column":5}},"line":62},"9":{"name":"(anonymous_9)","decl":{"start":{"line":71,"column":29},"end":{"line":71,"column":30}},"loc":{"start":{"line":71,"column":49},"end":{"line":93,"column":1}},"line":71},"10":{"name":"(anonymous_10)","decl":{"start":{"line":84,"column":12},"end":{"line":84,"column":13}},"loc":{"start":{"line":84,"column":22},"end":{"line":86,"column":5}},"line":84},"11":{"name":"(anonymous_11)","decl":{"start":{"line":86,"column":13},"end":{"line":86,"column":14}},"loc":{"start":{"line":86,"column":24},"end":{"line":88,"column":5}},"line":86},"12":{"name":"(anonymous_12)","decl":{"start":{"line":95,"column":29},"end":{"line":95,"column":30}},"loc":{"start":{"line":95,"column":49},"end":{"line":114,"column":1}},"line":95},"13":{"name":"(anonymous_13)","decl":{"start":{"line":109,"column":13},"end":{"line":109,"column":14}},"loc":{"start":{"line":109,"column":20},"end":{"line":109,"column":38}},"line":109}},"branchMap":{"0":{"loc":{"start":{"line":12,"column":2},"end":{"line":12,"column":88}},"type":"if","locations":[{"start":{"line":12,"column":2},"end":{"line":12,"column":88}},{"start":{},"end":{}}],"line":12},"1":{"loc":{"start":{"line":15,"column":2},"end":{"line":15,"column":69}},"type":"if","locations":[{"start":{"line":15,"column":2},"end":{"line":15,"column":69}},{"start":{},"end":{}}],"line":15},"2":{"loc":{"start":{"line":19,"column":4},"end":{"line":19,"column":92}},"type":"if","locations":[{"start":{"line":19,"column":4},"end":{"line":19,"column":92}},{"start":{},"end":{}}],"line":19},"3":{"loc":{"start":{"line":32,"column":2},"end":{"line":32,"column":88}},"type":"if","locations":[{"start":{"line":32,"column":2},"end":{"line":32,"column":88}},{"start":{},"end":{}}],"line":32},"4":{"loc":{"start":{"line":50,"column":2},"end":{"line":50,"column":88}},"type":"if","locations":[{"start":{"line":50,"column":2},"end":{"line":50,"column":88}},{"start":{},"end":{}}],"line":50},"5":{"loc":{"start":{"line":72,"column":2},"end":{"line":72,"column":88}},"type":"if","locations":[{"start":{"line":72,"column":2},"end":{"line":72,"column":88}},{"start":{},"end":{}}],"line":72},"6":{"loc":{"start":{"line":101,"column":4},"end":{"line":101,"column":93}},"type":"if","locations":[{"start":{"line":101,"column":4},"end":{"line":101,"column":93}},{"start":{},"end":{}}],"line":101}},"s":{"0":1,"1":1,"2":1,"3":0,"4":0,"5":0,"6":0,"7":0,"8":0,"9":0,"10":0,"11":0,"12":0,"13":0,"14":0,"15":0,"16":0,"17":0,"18":0,"19":1,"20":0,"21":0,"22":0,"23":0,"24":0,"25":0,"26":0,"27":1,"28":0,"29":0,"30":0,"31":0,"32":0,"33":0,"34":0,"35":0,"36":1,"37":0,"38":0,"39":0,"40":0,"41":0,"42":0,"43":0,"44":0,"45":0,"46":0,"47":1,"48":0,"49":0,"50":0,"51":0,"52":0,"53":0,"54":0,"55":0},"f":{"0":0,"1":0,"2":0,"3":0,"4":0,"5":0,"6":0,"7":0,"8":0,"9":0,"10":0,"11":0,"12":0,"13":0},"b":{"0":[0,0],"1":[0,0],"2":[0,0],"3":[0,0],"4":[0,0],"5":[0,0],"6":[0,0]},"_coverageSchema":"1a1c01bbd47fc00a2c39e90264f33305004495a9","hash":"2969bede12974e8011108f84bdf113b9b0d3d551"}
,"C:\\Users\\Shazibkhattal\\POC PROJECTS\\NODE_JS\\NodeMicroservices\\Customer\\middleware\\auth\\auth.js": {"path":"C:\\Users\\Shazibkhattal\\POC PROJECTS\\NODE_JS\\NodeMicroservices\\Customer\\middleware\\auth\\auth.js","statementMap":{"0":{"start":{"line":3,"column":0},"end":{"line":3,"column":8}},"1":{"start":{"line":4,"column":13},"end":{"line":19,"column":1}},"2":{"start":{"line":5,"column":2},"end":{"line":18,"column":3}},"3":{"start":{"line":6,"column":23},"end":{"line":6,"column":51}},"4":{"start":{"line":7,"column":18},"end":{"line":7,"column":56}},"5":{"start":{"line":8,"column":4},"end":{"line":8,"column":49}},"6":{"start":{"line":8,"column":23},"end":{"line":8,"column":49}},"7":{"start":{"line":10,"column":4},"end":{"line":15,"column":6}},"8":{"start":{"line":11,"column":6},"end":{"line":11,"column":22}},"9":{"start":{"line":12,"column":6},"end":{"line":12,"column":71}},"10":{"start":{"line":12,"column":15},"end":{"line":12,"column":71}},"11":{"start":{"line":13,"column":6},"end":{"line":13,"column":21}},"12":{"start":{"line":14,"column":6},"end":{"line":14,"column":12}},"13":{"start":{"line":17,"column":4},"end":{"line":17,"column":23}}},"fnMap":{"0":{"name":"(anonymous_0)","decl":{"start":{"line":4,"column":13},"end":{"line":4,"column":14}},"loc":{"start":{"line":4,"column":39},"end":{"line":19,"column":1}},"line":4},"1":{"name":"(anonymous_1)","decl":{"start":{"line":10,"column":46},"end":{"line":10,"column":47}},"loc":{"start":{"line":10,"column":61},"end":{"line":15,"column":5}},"line":10}},"branchMap":{"0":{"loc":{"start":{"line":7,"column":18},"end":{"line":7,"column":56}},"type":"binary-expr","locations":[{"start":{"line":7,"column":18},"end":{"line":7,"column":28}},{"start":{"line":7,"column":32},"end":{"line":7,"column":56}}],"line":7},"1":{"loc":{"start":{"line":8,"column":4},"end":{"line":8,"column":49}},"type":"if","locations":[{"start":{"line":8,"column":4},"end":{"line":8,"column":49}},{"start":{},"end":{}}],"line":8},"2":{"loc":{"start":{"line":12,"column":6},"end":{"line":12,"column":71}},"type":"if","locations":[{"start":{"line":12,"column":6},"end":{"line":12,"column":71}},{"start":{},"end":{}}],"line":12}},"s":{"0":1,"1":1,"2":0,"3":0,"4":0,"5":0,"6":0,"7":0,"8":0,"9":0,"10":0,"11":0,"12":0,"13":0},"f":{"0":0,"1":0},"b":{"0":[0,0],"1":[0,0],"2":[0,0]},"_coverageSchema":"1a1c01bbd47fc00a2c39e90264f33305004495a9","hash":"29b0e0aad64086089aa874af8450f9e608e568f6"}
,"C:\\Users\\Shazibkhattal\\POC PROJECTS\\NODE_JS\\NodeMicroservices\\Customer\\models\\User.js": {"path":"C:\\Users\\Shazibkhattal\\POC PROJECTS\\NODE_JS\\NodeMicroservices\\Customer\\models\\User.js","statementMap":{"0":{"start":{"line":3,"column":14},"end":{"line":34,"column":1}}},"fnMap":{},"branchMap":{},"s":{"0":3},"f":{},"b":{},"_coverageSchema":"1a1c01bbd47fc00a2c39e90264f33305004495a9","hash":"31557ec588ba972192716a1aaefe2d9ee95d2832"}
,"C:\\Users\\Shazibkhattal\\POC PROJECTS\\NODE_JS\\NodeMicroservices\\Customer\\utils\\swaggerOptions.js": {"path":"C:\\Users\\Shazibkhattal\\POC PROJECTS\\NODE_JS\\NodeMicroservices\\Customer\\utils\\swaggerOptions.js","statementMap":{"0":{"start":{"line":3,"column":30},"end":{"line":22,"column":3}}},"fnMap":{},"branchMap":{},"s":{"0":1},"f":{},"b":{},"_coverageSchema":"1a1c01bbd47fc00a2c39e90264f33305004495a9","hash":"81a6a79756d606c27a3c0b27145b9a273ee34f89"}
}
